<?xml version="1.0" encoding="UTF-8"?>
<!-- Generated by org.testng.reporters.JUnitReportReporter -->
<testsuite hostname="CLIRKOL223" failures="0" tests="20" name="com.clirnet.sanity.MobileClirnetSanity" time="143.110" errors="1" timestamp="2023-08-30T10:46:08 IST" skipped="0">
  <testcase classname="com.clirnet.sanity.MobileClirnetSanity" name="HomeReadMedwiki" time="12.152"/>
  <system-out/>
  <testcase classname="com.clirnet.sanity.MobileClirnetSanity" name="homeclick" time="6.131"/>
  <system-out/>
  <testcase classname="com.clirnet.sanity.MobileClirnetSanity" name="doctubeclick" time="2.136"/>
  <system-out/>
  <testcase classname="com.clirnet.sanity.MobileClirnetSanity" name="communityclick" time="10.765">
    <error message="Expected condition failed: waiting for visibility of element located by By.linkText: Follow (tried for 10 second(s) with 500 milliseconds interval)
Build info: version: &#039;4.11.0&#039;, revision: &#039;040bc5406b&#039;
System info: os.name: &#039;Windows 10&#039;, os.arch: &#039;amd64&#039;, os.version: &#039;10.0&#039;, java.version: &#039;17.0.1&#039;
Driver info: org.openqa.selenium.chrome.ChromeDriver
Capabilities {acceptInsecureCerts: false, browserName: chrome, browserVersion: 116.0.5845.112, chrome: {chromedriverVersion: 116.0.5845.96 (1a3918166880..., userDataDir: C:\Users\CLIRKO~1\AppData\L...}, fedcm:accounts: true, goog:chromeOptions: {debuggerAddress: localhost:53238}, networkConnectionEnabled: false, pageLoadStrategy: normal, platformName: windows, proxy: Proxy(), se:cdp: ws://localhost:53238/devtoo..., se:cdpVersion: 116.0.5845.112, setWindowRect: true, strictFileInteractability: false, timeouts: {implicit: 0, pageLoad: 300000, script: 30000}, unhandledPromptBehavior: dismiss and notify, webauthn:extension:credBlob: true, webauthn:extension:largeBlob: true, webauthn:extension:minPinLength: true, webauthn:extension:prf: true, webauthn:virtualAuthenticators: true}
Session ID: 08ee7265046e32a3210057b6e915fe19" type="org.openqa.selenium.TimeoutException">
      <![CDATA[org.openqa.selenium.TimeoutException: Expected condition failed: waiting for visibility of element located by By.linkText: Follow (tried for 10 second(s) with 500 milliseconds interval)
Build info: version: '4.11.0', revision: '040bc5406b'
System info: os.name: 'Windows 10', os.arch: 'amd64', os.version: '10.0', java.version: '17.0.1'
Driver info: org.openqa.selenium.chrome.ChromeDriver
Capabilities {acceptInsecureCerts: false, browserName: chrome, browserVersion: 116.0.5845.112, chrome: {chromedriverVersion: 116.0.5845.96 (1a3918166880..., userDataDir: C:\Users\CLIRKO~1\AppData\L...}, fedcm:accounts: true, goog:chromeOptions: {debuggerAddress: localhost:53238}, networkConnectionEnabled: false, pageLoadStrategy: normal, platformName: windows, proxy: Proxy(), se:cdp: ws://localhost:53238/devtoo..., se:cdpVersion: 116.0.5845.112, setWindowRect: true, strictFileInteractability: false, timeouts: {implicit: 0, pageLoad: 300000, script: 30000}, unhandledPromptBehavior: dismiss and notify, webauthn:extension:credBlob: true, webauthn:extension:largeBlob: true, webauthn:extension:minPinLength: true, webauthn:extension:prf: true, webauthn:virtualAuthenticators: true}
Session ID: 08ee7265046e32a3210057b6e915fe19
at org.openqa.selenium.support.ui.WebDriverWait.timeoutException(WebDriverWait.java:84)
at org.openqa.selenium.support.ui.FluentWait.until(FluentWait.java:230)
at com.clirnet.sanity.MobileClirnetSanity.communityclick(MobileClirnetSanity.java:124)
at java.base/jdk.internal.reflect.NativeMethodAccessorImpl.invoke0(Native Method)
at java.base/jdk.internal.reflect.NativeMethodAccessorImpl.invoke(NativeMethodAccessorImpl.java:77)
at java.base/jdk.internal.reflect.DelegatingMethodAccessorImpl.invoke(DelegatingMethodAccessorImpl.java:43)
at java.base/java.lang.reflect.Method.invoke(Method.java:568)
at org.testng.internal.MethodInvocationHelper.invokeMethod(MethodInvocationHelper.java:133)
at org.testng.internal.TestInvoker.invokeMethod(TestInvoker.java:598)
at org.testng.internal.TestInvoker.invokeTestMethod(TestInvoker.java:173)
at org.testng.internal.MethodRunner.runInSequence(MethodRunner.java:46)
at org.testng.internal.TestInvoker$MethodInvocationAgent.invoke(TestInvoker.java:824)
at org.testng.internal.TestInvoker.invokeTestMethods(TestInvoker.java:146)
at org.testng.internal.TestMethodWorker.invokeTestMethods(TestMethodWorker.java:146)
at org.testng.internal.TestMethodWorker.run(TestMethodWorker.java:128)
at java.base/java.util.ArrayList.forEach(ArrayList.java:1511)
at org.testng.TestRunner.privateRun(TestRunner.java:794)
at org.testng.TestRunner.run(TestRunner.java:596)
at org.testng.SuiteRunner.runTest(SuiteRunner.java:377)
at org.testng.SuiteRunner.runSequentially(SuiteRunner.java:371)
at org.testng.SuiteRunner.privateRun(SuiteRunner.java:332)
at org.testng.SuiteRunner.run(SuiteRunner.java:276)
at org.testng.SuiteRunnerWorker.runSuite(SuiteRunnerWorker.java:53)
at org.testng.SuiteRunnerWorker.run(SuiteRunnerWorker.java:96)
at org.testng.TestNG.runSuitesSequentially(TestNG.java:1212)
at org.testng.TestNG.runSuitesLocally(TestNG.java:1134)
at org.testng.TestNG.runSuites(TestNG.java:1063)
at org.testng.TestNG.run(TestNG.java:1031)
at org.testng.remote.AbstractRemoteTestNG.run(AbstractRemoteTestNG.java:115)
at org.testng.remote.RemoteTestNG.initAndRun(RemoteTestNG.java:251)
at org.testng.remote.RemoteTestNG.main(RemoteTestNG.java:77)
]]>
    </error>
  </testcase> <!-- communityclick -->
  <system-out/>
  <testcase classname="com.clirnet.sanity.MobileClirnetSanity" name="ExploreClick" time="2.211"/>
  <system-out/>
  <testcase classname="com.clirnet.sanity.MobileClirnetSanity" name="LiveCMEClick" time="2.268"/>
  <system-out/>
  <testcase classname="com.clirnet.sanity.MobileClirnetSanity" name="LiveMedWikiClick" time="2.999"/>
  <system-out/>
  <testcase classname="com.clirnet.sanity.MobileClirnetSanity" name="ClinicalvideoClick" time="5.384"/>
  <system-out/>
  <testcase classname="com.clirnet.sanity.MobileClirnetSanity" name="ClickGrandRounds" time="4.190"/>
  <system-out/>
  <testcase classname="com.clirnet.sanity.MobileClirnetSanity" name="CoursesClick" time="3.037"/>
  <system-out/>
  <testcase classname="com.clirnet.sanity.MobileClirnetSanity" name="PollClick" time="4.217"/>
  <system-out/>
  <testcase classname="com.clirnet.sanity.MobileClirnetSanity" name="DDXClick" time="3.901"/>
  <system-out/>
  <testcase classname="com.clirnet.sanity.MobileClirnetSanity" name="Epaper" time="4.047"/>
  <system-out/>
  <testcase classname="com.clirnet.sanity.MobileClirnetSanity" name="Telemed" time="4.015"/>
  <system-out/>
  <testcase classname="com.clirnet.sanity.MobileClirnetSanity" name="DR" time="1.776"/>
  <system-out/>
  <testcase classname="com.clirnet.sanity.MobileClirnetSanity" name="EditProfile" time="14.604"/>
  <system-out/>
  <testcase classname="com.clirnet.sanity.MobileClirnetSanity" name="HeaderNavigation" time="15.875"/>
  <system-out/>
  <testcase classname="com.clirnet.sanity.MobileClirnetSanity" name="TrendingNowClick" time="5.292"/>
  <system-out/>
  <testcase classname="com.clirnet.sanity.MobileClirnetSanity" name="EbookDetail" time="17.423"/>
  <system-out/>
  <testcase classname="com.clirnet.sanity.MobileClirnetSanity" name="LiveCmeDetail" time="20.687"/>
  <system-out/>
</testsuite> <!-- com.clirnet.sanity.MobileClirnetSanity -->
